<?xml version="1.0" encoding="UTF-8"?>
<testsuite xmlns:xsi="http://www.w3.org/2001/XMLSchema-instance" xsi:noNamespaceSchemaLocation="https://maven.apache.org/surefire/maven-surefire-plugin/xsd/surefire-test-report.xsd" name="com.coding.projetweb.ProjetwebApplicationTests" time="3.959" tests="2" errors="0" skipped="0" failures="0">
  <properties>
[...]
</properties>
  <testcase name="testGetAllUsers" classname="com.coding.projetweb.ProjetwebApplicationTests" time="1.005"/>
  <testcase name="contextLoads" classname="com.coding.projetweb.ProjetwebApplicationTests" time="0.003"/>
</testsuite>